<?xml version="1.0" encoding="UTF-8"?>
<testsuite xmlns:xsi="http://www.w3.org/2001/XMLSchema-instance" xsi:noNamespaceSchemaLocation="https://maven.apache.org/surefire/maven-surefire-plugin/xsd/surefire-test-report.xsd" name="es.udc.ws.runfic.test.model.carreraservice.CarreraServiceTest" time="25.068" tests="11" errors="0" skipped="0" failures="0">
  <properties>
[...]
</properties>
  <testcase name="testRemoveNonExistentInscripcion" classname="es.udc.ws.runfic.test.model.carreraservice.CarreraServiceTest" time="1.401"/>
  <testcase name="testCreateInvalidInscripcion" classname="es.udc.ws.runfic.test.model.carreraservice.CarreraServiceTest" time="2.887"/>
  <testcase name="testFindNonExistentCarrera" classname="es.udc.ws.runfic.test.model.carreraservice.CarreraServiceTest" time="0.285"/>
  <testcase name="testFindNonExistentInscripcion" classname="es.udc.ws.runfic.test.model.carreraservice.CarreraServiceTest" time="0.085"/>
  <testcase name="testAddCarreraAndFindCarrera" classname="es.udc.ws.runfic.test.model.carreraservice.CarreraServiceTest" time="0.718"/>
  <testcase name="testAddAndFindInscripciones" classname="es.udc.ws.runfic.test.model.carreraservice.CarreraServiceTest" time="4.105"/>
  <testcase name="testRecogerDorsalTarjetaMal" classname="es.udc.ws.runfic.test.model.carreraservice.CarreraServiceTest" time="2.53"/>
  <testcase name="testFindCarreras" classname="es.udc.ws.runfic.test.model.carreraservice.CarreraServiceTest" time="4.346"/>
  <testcase name="recogerDorsalEntregado" classname="es.udc.ws.runfic.test.model.carreraservice.CarreraServiceTest" time="4.315"/>
  <testcase name="testRecogerDorsalValido" classname="es.udc.ws.runfic.test.model.carreraservice.CarreraServiceTest" time="2.244"/>
  <testcase name="testAddAndFindInscripcion" classname="es.udc.ws.runfic.test.model.carreraservice.CarreraServiceTest" time="1.775"/>
</testsuite>